<?xml version="1.0" encoding="UTF-8"?>
<testsuite xmlns:xsi="http://www.w3.org/2001/XMLSchema-instance" xsi:noNamespaceSchemaLocation="https://maven.apache.org/surefire/maven-surefire-plugin/xsd/surefire-test-report.xsd" name="com.sap.cc.library.book.DataDurabilityTest" time="2.133" tests="2" errors="0" skipped="0" failures="0">
  <properties>
[...]
</properties>
  <testcase name="populateDb" classname="com.sap.cc.library.book.DataDurabilityTest" time="0.363"/>
  <testcase name="isDbPopulated" classname="com.sap.cc.library.book.DataDurabilityTest" time="0.043"/>
</testsuite>