<?xml version="1.0" encoding="UTF-8"?>
<testsuite xmlns:xsi="http://www.w3.org/2001/XMLSchema-instance" xsi:noNamespaceSchemaLocation="https://maven.apache.org/surefire/maven-surefire-plugin/xsd/surefire-test-report.xsd" name="com.sap.cc.movies.MovieStorageTest" time="0.075" tests="11" errors="0" skipped="0" failures="0">
  <properties>
[...]
</properties>
  <testcase name="twoMovies_getAll_returnsTwoMovies" classname="com.sap.cc.movies.MovieStorageTest" time="0.066"/>
  <testcase name="saveOneMovie_returnsTheMovie" classname="com.sap.cc.movies.MovieStorageTest" time="0.003"/>
  <testcase name="oneMovie_getById_returnsTheMovie" classname="com.sap.cc.movies.MovieStorageTest" time="0.001"/>
  <testcase name="oneMovie_getAll_returnsTheMovie" classname="com.sap.cc.movies.MovieStorageTest" time="0"/>
  <testcase name="twoMovies_deleteAll_returnsEmptyList" classname="com.sap.cc.movies.MovieStorageTest" time="0"/>
  <testcase name="saveTwoMovies_returnsTheSecondMovie" classname="com.sap.cc.movies.MovieStorageTest" time="0"/>
  <testcase name="twoMovies_deleteFirst_returnsTheSecond" classname="com.sap.cc.movies.MovieStorageTest" time="0"/>
  <testcase name="saveOneMovieTryToForceId_ignoreTheForcedId" classname="com.sap.cc.movies.MovieStorageTest" time="0"/>
  <testcase name="getNonExistingMovie_movieNotPresent" classname="com.sap.cc.movies.MovieStorageTest" time="0.001"/>
  <testcase name="oneMovie_updateTitle_returnsUpdatedMovie" classname="com.sap.cc.movies.MovieStorageTest" time="0"/>
  <testcase name="noMovies_getAll_returnsEmptyList" classname="com.sap.cc.movies.MovieStorageTest" time="0"/>
</testsuite>