<?xml version="1.0" encoding="UTF-8"?>
<testsuite xmlns:xsi="http://www.w3.org/2001/XMLSchema-instance" xsi:noNamespaceSchemaLocation="https://maven.apache.org/surefire/maven-surefire-plugin/xsd/surefire-test-report.xsd" name="com.sap.cc.unittesting.RomanNumeralsTest" time="0.073" tests="5" errors="0" skipped="0" failures="0">
  <properties>
[...]
</properties>
  <testcase name="should_returnValid_for_subtractiveRomans" classname="com.sap.cc.unittesting.RomanNumeralsTest" time="0.065"/>
  <testcase name="should_returnNum_for_singleRomans" classname="com.sap.cc.unittesting.RomanNumeralsTest" time="0"/>
  <testcase name="should_returnValid_for_complexNumerals" classname="com.sap.cc.unittesting.RomanNumeralsTest" time="0.001"/>
  <testcase name="should_returnErrorPaths_for_invalidNumerals" classname="com.sap.cc.unittesting.RomanNumeralsTest" time="0.001"/>
  <testcase name="should_returnValid_for_additiveRomans" classname="com.sap.cc.unittesting.RomanNumeralsTest" time="0"/>
</testsuite>